execve("/usr/bin/ps", 0x08047E70, 0x08047E78)  argc = 1
sysinfo(SI_MACHINE, "i86pc", 257)		= 6
mmap(0x00000000, 32, PROT_READ|PROT_WRITE|PROT_EXEC, MAP_PRIVATE|MAP_ANON, -1, 0) = 0xFEFF0000
mmap(0x00000000, 4096, PROT_READ|PROT_WRITE, MAP_PRIVATE|MAP_ANON, -1, 0) = 0xFEFB0000
mmap(0x00000000, 4096, PROT_READ|PROT_WRITE, MAP_PRIVATE|MAP_ANON, -1, 0) = 0xFEFA0000
memcntl(0xFEFBE000, 13408, MC_ADVISE, MADV_WILLNEED, 0, 0) = 0
memcntl(0x08050000, 1872, MC_ADVISE, MADV_WILLNEED, 0, 0) = 0
resolvepath("/usr/lib/ld.so.1", "/lib/ld.so.1", 1023) = 12
resolvepath("/usr/bin/ps", "/usr/bin/ps", 1023)	= 11
sysconfig(_CONFIG_PAGESIZE)			= 4096
stat64("/usr/bin/ps", 0x08047A60)		= 0
open("/var/ld/ld.config", O_RDONLY)		Err#2 ENOENT
stat64("/lib/libc.so.1", 0x08047310)		= 0
resolvepath("/lib/libc.so.1", "/lib/libc.so.1", 1023) = 14
open("/lib/libc.so.1", O_RDONLY)		= 3
mmap(0x00010000, 32768, PROT_READ|PROT_EXEC, MAP_PRIVATE|MAP_ALIGN, 3, 0) = 0xFEF90000
mmap(0x00010000, 1216512, PROT_NONE, MAP_PRIVATE|MAP_NORESERVE|MAP_ANON|MAP_ALIGN, -1, 0) = 0xFEE60000
mmap(0xFEE60000, 1107293, PROT_READ|PROT_EXEC, MAP_PRIVATE|MAP_FIXED|MAP_TEXT, 3, 0) = 0xFEE60000
mmap(0xFEF7F000, 30375, PROT_READ|PROT_WRITE|PROT_EXEC, MAP_PRIVATE|MAP_FIXED|MAP_INITDATA, 3, 1110016) = 0xFEF7F000
mmap(0xFEF87000, 4328, PROT_READ|PROT_WRITE|PROT_EXEC, MAP_PRIVATE|MAP_FIXED|MAP_ANON, -1, 0) = 0xFEF87000
munmap(0xFEF6F000, 65536)			= 0
munmap(0xFEF90000, 32768)			= 0
close(3)					= 0
mmap(0x00000000, 4096, PROT_READ|PROT_WRITE|PROT_EXEC, MAP_PRIVATE|MAP_ANON, -1, 0) = 0xFEF90000
memcntl(0xFEE60000, 124768, MC_ADVISE, MADV_WILLNEED, 0, 0) = 0
mmap(0x00010000, 24576, PROT_READ|PROT_WRITE|PROT_EXEC, MAP_PRIVATE|MAP_ANON|MAP_ALIGN, -1, 0) = 0xFEF70000
getcontext(0x080478D0)
getrlimit(RLIMIT_STACK, 0x080478C8)		= 0
getpid()					= 998 [997]
lwp_private(0, 1, 0xFEF72A00)			= 0x000001C3
setustack(0xFEF72A60)
sysi86(SI86FPSTART, 0xFEF87798, 0x0000133F, 0x00001F80) = 0x00000001
sysconfig(_CONFIG_PAGESIZE)			= 4096
brk(0x08061518)					= 0
brk(0x08063518)					= 0
stat64("/usr/lib/locale/en_US.UTF-8/en_US.UTF-8.so.3", 0x08046E40) = 0
resolvepath("/usr/lib/locale/en_US.UTF-8/en_US.UTF-8.so.3", "/usr/lib/locale/en_US.UTF-8/en_US.UTF-8.so.3", 1023) = 44
open("/usr/lib/locale/en_US.UTF-8/en_US.UTF-8.so.3", O_RDONLY) = 3
mmap(0x00010000, 32768, PROT_READ|PROT_EXEC, MAP_PRIVATE|MAP_ALIGN, 3, 0) = 0xFEE50000
mmap(0x00010000, 2297856, PROT_NONE, MAP_PRIVATE|MAP_NORESERVE|MAP_ANON|MAP_ALIGN, -1, 0) = 0xFEC00000
mmap(0xFEC00000, 2225278, PROT_READ|PROT_EXEC, MAP_PRIVATE|MAP_FIXED|MAP_TEXT, 3, 0) = 0xFEC00000
mmap(0xFEE2F000, 4234, PROT_READ|PROT_WRITE|PROT_EXEC, MAP_PRIVATE|MAP_FIXED|MAP_INITDATA, 3, 2224128) = 0xFEE2F000
munmap(0xFEE20000, 61440)			= 0
munmap(0xFEE50000, 32768)			= 0
close(3)					= 0
memcntl(0xFEC00000, 7188, MC_ADVISE, MADV_WILLNEED, 0, 0) = 0
stat64("/usr/lib/locale/en_US.UTF-8/methods_en_US.UTF-8.so.3", 0x08046D80) = 0
resolvepath("/usr/lib/locale/en_US.UTF-8/methods_en_US.UTF-8.so.3", "/usr/lib/locale/common/methods_unicode.so.3", 1023) = 43
open("/usr/lib/locale/en_US.UTF-8/methods_en_US.UTF-8.so.3", O_RDONLY) = 3
mmap(0x00010000, 32768, PROT_READ|PROT_EXEC, MAP_PRIVATE|MAP_ALIGN, 3, 0) = 0xFEE50000
mmap(0x00010000, 122880, PROT_NONE, MAP_PRIVATE|MAP_NORESERVE|MAP_ANON|MAP_ALIGN, -1, 0) = 0xFEBE0000
mmap(0xFEBE0000, 55453, PROT_READ|PROT_EXEC, MAP_PRIVATE|MAP_FIXED|MAP_TEXT, 3, 0) = 0xFEBE0000
mmap(0xFEBFD000, 2548, PROT_READ|PROT_WRITE|PROT_EXEC, MAP_PRIVATE|MAP_FIXED|MAP_INITDATA, 3, 53248) = 0xFEBFD000
munmap(0xFEBEE000, 61440)			= 0
munmap(0xFEE50000, 32768)			= 0
close(3)					= 0
mmap(0x00000000, 4096, PROT_READ|PROT_WRITE|PROT_EXEC, MAP_PRIVATE|MAP_ANON, -1, 0) = 0xFEE50000
memcntl(0xFEBE0000, 2552, MC_ADVISE, MADV_WILLNEED, 0, 0) = 0
stat64("/usr/lib/locale/en_US.UTF-8/libc.so.1", 0x08046D80) Err#2 ENOENT
sysinfo(SI_ISALIST, "", 1)			= 68
sysinfo(SI_ISALIST, "amd64 pentium_pro+mmx pentium_pro pentium+mmx pentium i486 i386 i86", 68) = 68
open("/proc/self/auxv", O_RDONLY)		= 3
fxstat(2, 3, 0x08047D80)			= 0
read(3, "D807\0\0EA7F04\bDE07\0\0".., 168)	= 168
close(3)					= 0
access("/usr/bin/amd64/ps", X_OK)		= 0
execve("/usr/bin/amd64/ps", 0x08047E70, 0x08047E78)  argc = 1
sysinfo(SI_MACHINE, "i86pc", 257)		= 6
mmap(0x00000000, 56, PROT_READ|PROT_WRITE|PROT_EXEC, MAP_PRIVATE|MAP_ANON, 4294967295, 0) = 0xFFFFFD7FFF3F0000
mmap(0x00000000, 4096, PROT_READ|PROT_WRITE, MAP_PRIVATE|MAP_ANON, 4294967295, 0) = 0xFFFFFD7FFF3A0000
mmap(0x00000000, 4096, PROT_READ|PROT_WRITE, MAP_PRIVATE|MAP_ANON, 4294967295, 0) = 0xFFFFFD7FFF390000
mmap(0x00000000, 4096, PROT_READ|PROT_WRITE|PROT_EXEC, MAP_PRIVATE|MAP_ANON, 4294967295, 0) = 0xFFFFFD7FFF380000
memcntl(0xFFFFFD7FFF3A5000, 52400, MC_ADVISE, MADV_WILLNEED, 0, 0) = 0
memcntl(0x00400000, 7440, MC_ADVISE, MADV_WILLNEED, 0, 0) = 0
resolvepath("/usr/lib/amd64/ld.so.1", "/lib/amd64/ld.so.1", 1023) = 18
resolvepath("/usr/bin/amd64/ps", "/usr/bin/amd64/ps", 1023) = 17
stat("/usr/bin/amd64/ps", 0xFFFFFD7FFFDFFB60)	= 0
open("/var/ld/64/ld.config", O_RDONLY)		Err#2 ENOENT
stat("/lib/64/libc.so.1", 0xFFFFFD7FFFDFF390)	= 0
resolvepath("/lib/64/libc.so.1", "/lib/amd64/libc.so.1", 1023) = 20
open("/lib/64/libc.so.1", O_RDONLY)		= 3
mmap(0x00010000, 32768, PROT_READ|PROT_EXEC, MAP_PRIVATE|MAP_ALIGN, 3, 0) = 0xFFFFFD7FFF370000
mmap(0x00010000, 1363968, PROT_NONE, MAP_PRIVATE|MAP_NORESERVE|MAP_ANON|MAP_ALIGN, 4294967295, 0) = 0xFFFFFD7FFF220000
mmap(0xFFFFFD7FFF220000, 1308981, PROT_READ|PROT_EXEC, MAP_PRIVATE|MAP_FIXED|MAP_TEXT, 3, 0) = 0xFFFFFD7FFF220000
mmap(0xFFFFFD7FFF360000, 33712, PROT_READ|PROT_WRITE, MAP_PRIVATE|MAP_FIXED|MAP_INITDATA, 3, 1310720) = 0xFFFFFD7FFF360000
mmap(0xFFFFFD7FFF369000, 15448, PROT_READ|PROT_WRITE, MAP_PRIVATE|MAP_FIXED|MAP_ANON, 4294967295, 0) = 0xFFFFFD7FFF369000
munmap(0xFFFFFD7FFF370000, 32768)		= 0
close(3)					= 0
mmap(0x00000000, 4096, PROT_READ|PROT_WRITE|PROT_EXEC, MAP_PRIVATE|MAP_ANON, 4294967295, 0) = 0xFFFFFD7FFF370000
memcntl(0xFFFFFD7FFF220000, 305584, MC_ADVISE, MADV_WILLNEED, 0, 0) = 0
mmap(0x00010000, 24576, PROT_READ|PROT_WRITE|PROT_EXEC, MAP_PRIVATE|MAP_ANON|MAP_ALIGN, 4294967295, 0) = 0xFFFFFD7FFF210000
getcontext(0xFFFFFD7FFFDFF550)
mmap(0x00010000, 65536, PROT_READ|PROT_WRITE|PROT_EXEC, MAP_PRIVATE|MAP_ANON|MAP_ALIGN, 4294967295, 0) = 0xFFFFFD7FFF1F0000
getrlimit(RLIMIT_STACK, 0xFFFFFD7FFFDFF540)	= 0
getpid()					= 998 [997]
lwp_private(0, 0, 0xFFFFFD7FFF1F0200)		= 0x00000000
setustack(0xFFFFFD7FFF1F02A8)
mmap(0x00000000, 4096, PROT_READ|PROT_WRITE|PROT_EXEC, MAP_PRIVATE|MAP_ANON, 4294967295, 0) = 0xFFFFFD7FFF1E0000
sysi86(SI86FPSTART, 0xFFFFFD7FFFDFFD5C, 0x0000133F, 0x00001F80) = 0x00000001
brk(0x00418890)					= 0
brk(0x0041C890)					= 0
stat("/usr/lib/locale/en_US.UTF-8/amd64/en_US.UTF-8.so.3", 0xFFFFFD7FFFDFE930) = 0
resolvepath("/usr/lib/locale/en_US.UTF-8/amd64/en_US.UTF-8.so.3", "/usr/lib/locale/en_US.UTF-8/amd64/en_US.UTF-8.so.3", 1023) = 50
open("/usr/lib/locale/en_US.UTF-8/amd64/en_US.UTF-8.so.3", O_RDONLY) = 3
mmap(0x00010000, 32768, PROT_READ|PROT_EXEC, MAP_PRIVATE|MAP_ALIGN, 3, 0) = 0xFFFFFD7FFF1D0000
mmap(0x00010000, 2306048, PROT_NONE, MAP_PRIVATE|MAP_NORESERVE|MAP_ANON|MAP_ALIGN, 4294967295, 0) = 0xFFFFFD7FFEE00000
mmap(0xFFFFFD7FFEE00000, 2234570, PROT_READ|PROT_EXEC, MAP_PRIVATE|MAP_FIXED|MAP_TEXT, 3, 0) = 0xFFFFFD7FFEE00000
mmap(0xFFFFFD7FFF031000, 8010, PROT_READ|PROT_WRITE, MAP_PRIVATE|MAP_FIXED|MAP_INITDATA, 3, 2232320) = 0xFFFFFD7FFF031000
munmap(0xFFFFFD7FFF022000, 61440)		= 0
munmap(0xFFFFFD7FFF1D0000, 32768)		= 0
close(3)					= 0
memcntl(0xFFFFFD7FFEE00000, 15584, MC_ADVISE, MADV_WILLNEED, 0, 0) = 0
stat("/usr/lib/locale/en_US.UTF-8/amd64/methods_en_US.UTF-8.so.3", 0xFFFFFD7FFFDFE810) = 0
resolvepath("/usr/lib/locale/en_US.UTF-8/amd64/methods_en_US.UTF-8.so.3", "/usr/lib/locale/common/amd64/methods_unicode.so.3", 1023) = 49
open("/usr/lib/locale/en_US.UTF-8/amd64/methods_en_US.UTF-8.so.3", O_RDONLY) = 3
mmap(0x00010000, 32768, PROT_READ|PROT_EXEC, MAP_PRIVATE|MAP_ALIGN, 3, 0) = 0xFFFFFD7FFF1D0000
mmap(0x00010000, 139264, PROT_NONE, MAP_PRIVATE|MAP_NORESERVE|MAP_ANON|MAP_ALIGN, 4294967295, 0) = 0xFFFFFD7FFF1A0000
mmap(0xFFFFFD7FFF1A0000, 69945, PROT_READ|PROT_EXEC, MAP_PRIVATE|MAP_FIXED|MAP_TEXT, 3, 0) = 0xFFFFFD7FFF1A0000
mmap(0xFFFFFD7FFF1C1000, 1080, PROT_READ|PROT_WRITE, MAP_PRIVATE|MAP_FIXED|MAP_INITDATA, 3, 69632) = 0xFFFFFD7FFF1C1000
munmap(0xFFFFFD7FFF1B2000, 61440)		= 0
munmap(0xFFFFFD7FFF1D0000, 32768)		= 0
close(3)					= 0
mmap(0x00000000, 4096, PROT_READ|PROT_WRITE|PROT_EXEC, MAP_PRIVATE|MAP_ANON, 4294967295, 0) = 0xFFFFFD7FFF1D0000
memcntl(0xFFFFFD7FFF1A0000, 5288, MC_ADVISE, MADV_WILLNEED, 0, 0) = 0
stat("/usr/lib/locale/en_US.UTF-8/amd64/libc.so.1", 0xFFFFFD7FFFDFE810) Err#2 ENOENT
brk(0x0041C890)					= 0
brk(0x00420890)					= 0
sysconfig(_CONFIG_PAGESIZE)			= 4096
sysconfig(_CONFIG_MAXPID)			= 30000
open("/proc/self/psinfo", O_RDONLY)		= 3
read(3, "\0\0\00201\0\0\0E603\0\0".., 416)	= 416
close(3)					= 0
stat("/dev/tty", 0xFFFFFD7FFFDFF860)		= 0
stat("/dev/console", 0xFFFFFD7FFFDFF860)	= 0
stat("/dev/conslog", 0xFFFFFD7FFFDFF860)	= 0
stat("/dev/syscon", 0xFFFFFD7FFFDFF860)		= 0
stat("/dev/systty", 0xFFFFFD7FFFDFF860)		= 0
stat("/dev/wscons", 0xFFFFFD7FFFDFF860)		= 0
stat("/dev/ptmx", 0xFFFFFD7FFFDFF860)		= 0
stat("/dev/ttyp0", 0xFFFFFD7FFFDFF790)		= 0
stat("/dev/ptyp0", 0xFFFFFD7FFFDFF790)		= 0
open("/etc/ttysrch", O_RDONLY)			= 3
fstat(3, 0xFFFFFD7FFFDFF780)			= 0
read(3, " #\n #   C o p y r i g h".., 1495)	= 1495
close(3)					= 0
stat("/dev/pts/3", 0xFFFFFD7FFFDFF790)		= 0
getuid()					= 0 [0]
ioctl(1, TCGETA, 0xFFFFFD7FFFDFE720)		Err#6 ENXIO
fstat(1, 0xFFFFFD7FFFDFE760)			= 0
fstat(1, 0xFFFFFD7FFFDFE6B0)			= 0
openat(4291925331, "/proc", O_RDONLY|O_NDELAY|O_LARGEFILE) = 3
fcntl(3, F_SETFD, 0x00000001)			= 0
fstat(3, 0xFFFFFD7FFFDFF980)			= 0
getdents(3, 0xFFFFFD7FFF214000, 8192)		= 2016
open("/proc/0/psinfo", O_RDONLY)		= 4
read(4, "01\0\0\001\0\0\0\0\0\0\0".., 416)	= 416
close(4)					= 0
open("/proc/4/psinfo", O_RDONLY)		= 4
read(4, "01\0\0\001\0\0\004\0\0\0".., 416)	= 416
close(4)					= 0
open("/proc/1/psinfo", O_RDONLY)		= 4
read(4, "\0\0\00201\0\0\001\0\0\0".., 416)	= 416
close(4)					= 0
open("/proc/2/psinfo", O_RDONLY)		= 4
read(4, "01\0\0\002\0\0\002\0\0\0".., 416)	= 416
close(4)					= 0
open("/proc/3/psinfo", O_RDONLY)		= 4
read(4, "01\0\0\001\0\0\003\0\0\0".., 416)	= 416
close(4)					= 0
open("/proc/5/psinfo", O_RDONLY)		= 4
read(4, "01\0\0\002\0\0\005\0\0\0".., 416)	= 416
close(4)					= 0
open("/proc/346/psinfo", O_RDONLY)		= 4
read(4, "\0\0\00201\0\0\0 Z01\0\0".., 416)	= 416
close(4)					= 0
open("/proc/9/psinfo", O_RDONLY)		= 4
read(4, "\0\0\0020F\0\0\0\t\0\0\0".., 416)	= 416
close(4)					= 0
open("/proc/11/psinfo", O_RDONLY)		= 4
read(4, "\0\0\002\r\0\0\0\v\0\0\0".., 416)	= 416
close(4)					= 0
open("/proc/90/psinfo", O_RDONLY)		= 4
read(4, "\0\0\00201\0\0\0 Z\0\0\0".., 416)	= 416
close(4)					= 0
open("/proc/276/psinfo", O_RDONLY)		= 4
read(4, "\0\0\002\b\0\0\01401\0\0".., 416)	= 416
close(4)					= 0
open("/proc/546/psinfo", O_RDONLY)		= 4
read(4, "\0\0\00201\0\0\0 "02\0\0".., 416)	= 416
close(4)					= 0
open("/proc/203/psinfo", O_RDONLY)		= 4
read(4, "\0\0\00204\0\0\0CB\0\0\0".., 416)	= 416
close(4)					= 0
open("/proc/466/psinfo", O_RDONLY)		= 4
read(4, "\0\0\00201\0\0\0D201\0\0".., 416)	= 416
close(4)					= 0
open("/proc/406/psinfo", O_RDONLY)		= 4
read(4, "\0\0\0020E\0\0\09601\0\0".., 416)	= 416
close(4)					= 0
open("/proc/141/psinfo", O_RDONLY)		= 4
read(4, "\0\0\0021F\0\0\08D\0\0\0".., 416)	= 416
close(4)					= 0
open("/proc/140/psinfo", O_RDONLY)		= 4
read(4, "\0\0\00203\0\0\08C\0\0\0".., 416)	= 416
close(4)					= 0
open("/proc/433/psinfo", O_RDONLY)		= 4
read(4, "\0\0\00213\0\0\0B101\0\0".., 416)	= 416
close(4)					= 0
open("/proc/470/psinfo", O_RDONLY)		= 4
read(4, "\0\0\00201\0\0\0D601\0\0".., 416)	= 416
close(4)					= 0
open("/proc/146/psinfo", O_RDONLY)		= 4
read(4, "\0\0\0020F\0\0\092\0\0\0".., 416)	= 416
close(4)					= 0
open("/proc/291/psinfo", O_RDONLY)		= 4
read(4, "\0\0\00202\0\0\0 #01\0\0".., 416)	= 416
close(4)					= 0
open("/proc/260/psinfo", O_RDONLY)		= 4
read(4, "\0\0\00201\0\0\00401\0\0".., 416)	= 416
close(4)					= 0
open("/proc/150/psinfo", O_RDONLY)		= 4
read(4, "\0\0\00203\0\0\096\0\0\0".., 416)	= 416
close(4)					= 0
open("/proc/708/psinfo", O_RDONLY)		= 4
read(4, "\0\0\00201\0\0\0C402\0\0".., 416)	= 416
close(4)					= 0
open("/proc/870/psinfo", O_RDONLY)		= 4
read(4, "\0\0\00212\0\0\0 f03\0\0".., 416)	= 416
close(4)					= 0
open("/proc/998/psinfo", O_RDONLY)		= 4
read(4, "\0\0\00201\0\0\0E603\0\0".., 416)	= 416
close(4)					= 0
open("/proc/360/psinfo", O_RDONLY)		= 4
read(4, "\0\0\00202\0\0\0 h01\0\0".., 416)	= 416
close(4)					= 0
open("/proc/362/psinfo", O_RDONLY)		= 4
read(4, "\0\0\00203\0\0\0 j01\0\0".., 416)	= 416
close(4)					= 0
open("/proc/610/psinfo", O_RDONLY)		= 4
read(4, "\0\0\00207\0\0\0 b02\0\0".., 416)	= 416
close(4)					= 0
open("/proc/709/psinfo", O_RDONLY)		= 4
read(4, "\0\0\00206\0\0\0C502\0\0".., 416)	= 416
close(4)					= 0
open("/proc/654/psinfo", O_RDONLY)		= 4
read(4, "\0\0\00212\0\0\08E02\0\0".., 416)	= 416
close(4)					= 0
open("/proc/468/psinfo", O_RDONLY)		= 4
read(4, "\0\0\00201\0\0\0D401\0\0".., 416)	= 416
close(4)					= 0
open("/proc/389/psinfo", O_RDONLY)		= 4
read(4, "\0\0\00204\0\0\08501\0\0".., 416)	= 416
close(4)					= 0
open("/proc/997/psinfo", O_RDONLY)		= 4
read(4, "\0\0\00202\0\0\0E503\0\0".., 416)	= 416
close(4)					= 0
open("/proc/393/psinfo", O_RDONLY)		= 4
read(4, "\0\0\00201\0\0\08901\0\0".., 416)	= 416
close(4)					= 0
open("/proc/713/psinfo", O_RDONLY)		= 4
read(4, "\0\0\00201\0\0\0C902\0\0".., 416)	= 416
close(4)					= 0
open("/proc/398/psinfo", O_RDONLY)		= 4
read(4, "\0\0\00201\0\0\08E01\0\0".., 416)	= 416
close(4)					= 0
open("/proc/400/psinfo", O_RDONLY)		= 4
read(4, "\0\0\00201\0\0\09001\0\0".., 416)	= 416
close(4)					= 0
open("/proc/437/psinfo", O_RDONLY)		= 4
read(4, "\0\0\00201\0\0\0B501\0\0".., 416)	= 416
close(4)					= 0
open("/proc/608/psinfo", O_RDONLY)		= 4
read(4, "\0\0\00201\0\0\0 `02\0\0".., 416)	= 416
close(4)					= 0
open("/proc/714/psinfo", O_RDONLY)		= 4
read(4, "\0\0\00203\0\0\0CA02\0\0".., 416)	= 416
close(4)					= 0
open("/proc/987/psinfo", O_RDONLY)		= 4
read(4, "\0\0\00201\0\0\0DB03\0\0".., 416)	= 416
close(4)					= 0
open("/proc/442/psinfo", O_RDONLY)		= 4
read(4, "\0\0\00201\0\0\0BA01\0\0".., 416)	= 416
close(4)					= 0
open("/proc/551/psinfo", O_RDONLY)		= 4
read(4, "\0\0\00201\0\0\0 '02\0\0".., 416)	= 416
close(4)					= 0
open("/proc/554/psinfo", O_RDONLY)		= 4
read(4, "\0\0\00201\0\0\0 *02\0\0".., 416)	= 416
close(4)					= 0
open("/proc/712/psinfo", O_RDONLY)		= 4
read(4, "\0\0\00201\0\0\0C802\0\0".., 416)	= 416
close(4)					= 0
open("/proc/604/psinfo", O_RDONLY)		= 4
read(4, "\0\0\00205\0\0\0 \02\0\0".., 416)	= 416
close(4)					= 0
open("/proc/672/psinfo", O_RDONLY)		= 4
read(4, "\0\0\00201\0\0\0A002\0\0".., 416)	= 416
close(4)					= 0
open("/proc/768/psinfo", O_RDONLY)		= 4
read(4, "\0\0\00201\0\0\0\003\0\0".., 416)	= 416
close(4)					= 0
open("/proc/728/psinfo", O_RDONLY)		= 4
read(4, "\0\0\00201\0\0\0D802\0\0".., 416)	= 416
close(4)					= 0
open("/proc/729/psinfo", O_RDONLY)		= 4
read(4, "\0\0\00203\0\0\0D902\0\0".., 416)	= 416
close(4)					= 0
open("/proc/946/psinfo", O_RDONLY)		= 4
read(4, "\0\0\00201\0\0\0B203\0\0".., 416)	= 416
close(4)					= 0
open("/proc/948/psinfo", O_RDONLY)		= 4
read(4, "\0\0\00201\0\0\0B403\0\0".., 416)	= 416
close(4)					= 0
open("/proc/734/psinfo", O_RDONLY)		= 4
read(4, "\0\0\00201\0\0\0DE02\0\0".., 416)	= 416
close(4)					= 0
open("/proc/735/psinfo", O_RDONLY)		= 4
read(4, "\0\0\00203\0\0\0DF02\0\0".., 416)	= 416
close(4)					= 0
open("/proc/737/psinfo", O_RDONLY)		= 4
read(4, "\0\0\00201\0\0\0E102\0\0".., 416)	= 416
close(4)					= 0
open("/proc/738/psinfo", O_RDONLY)		= 4
read(4, "\0\0\00204\0\0\0E202\0\0".., 416)	= 416
close(4)					= 0
open("/proc/771/psinfo", O_RDONLY)		= 4
read(4, "\0\0\00201\0\0\00303\0\0".., 416)	= 416
close(4)					= 0
open("/etc/ttysrch", O_RDONLY)			= 4
fstat(4, 0xFFFFFD7FFFDFF150)			= 0
close(4)					= 0
stat("/dev/pts/2", 0xFFFFFD7FFFDFF160)		= 0
open("/proc/769/psinfo", O_RDONLY)		= 4
read(4, "\0\0\00201\0\0\00103\0\0".., 416)	= 416
close(4)					= 0
open("/proc/783/psinfo", O_RDONLY)		= 4
read(4, "\0\0\00201\0\0\00F03\0\0".., 416)	= 416
close(4)					= 0
open("/proc/785/psinfo", O_RDONLY)		= 4
read(4, "\0\0\00201\0\0\01103\0\0".., 416)	= 416
close(4)					= 0
open("/proc/816/psinfo", O_RDONLY)		= 4
read(4, "\0\0\00201\0\0\0 003\0\0".., 416)	= 416
close(4)					= 0
open("/proc/792/psinfo", O_RDONLY)		= 4
read(4, "\0\0\00201\0\0\01803\0\0".., 416)	= 416
close(4)					= 0
open("/proc/794/psinfo", O_RDONLY)		= 4
read(4, "\0\0\00201\0\0\01A03\0\0".., 416)	= 416
close(4)					= 0
open("/proc/796/psinfo", O_RDONLY)		= 4
read(4, "\0\0\00201\0\0\01C03\0\0".., 416)	= 416
close(4)					= 0
open("/proc/799/psinfo", O_RDONLY)		= 4
read(4, "\0\0\00201\0\0\01F03\0\0".., 416)	= 416
close(4)					= 0
open("/proc/801/psinfo", O_RDONLY)		= 4
read(4, "\0\0\00201\0\0\0 !03\0\0".., 416)	= 416
close(4)					= 0
open("/proc/825/psinfo", O_RDONLY)		= 4
read(4, "\0\0\00201\0\0\0 903\0\0".., 416)	= 416
close(4)					= 0
open("/proc/820/psinfo", O_RDONLY)		= 4
read(4, "\0\0\00201\0\0\0 403\0\0".., 416)	= 416
close(4)					= 0
open("/proc/822/psinfo", O_RDONLY)		= 4
read(4, "\0\0\00204\0\0\0 603\0\0".., 416)	= 416
close(4)					= 0
open("/proc/824/psinfo", O_RDONLY)		= 4
read(4, "\0\0\00201\0\0\0 803\0\0".., 416)	= 416
close(4)					= 0
open("/proc/931/psinfo", O_RDONLY)		= 4
read(4, "\0\0\00201\0\0\0A303\0\0".., 416)	= 416
close(4)					= 0
open("/proc/827/psinfo", O_RDONLY)		= 4
read(4, "\0\0\00202\0\0\0 ;03\0\0".., 416)	= 416
close(4)					= 0
open("/proc/831/psinfo", O_RDONLY)		= 4
read(4, "\0\0\00201\0\0\0 ?03\0\0".., 416)	= 416
close(4)					= 0
open("/proc/833/psinfo", O_RDONLY)		= 4
read(4, "\0\0\00201\0\0\0 A03\0\0".., 416)	= 416
close(4)					= 0
open("/proc/835/psinfo", O_RDONLY)		= 4
read(4, "\0\0\00201\0\0\0 C03\0\0".., 416)	= 416
close(4)					= 0
open("/proc/837/psinfo", O_RDONLY)		= 4
read(4, "\0\0\00201\0\0\0 E03\0\0".., 416)	= 416
close(4)					= 0
open("/proc/839/psinfo", O_RDONLY)		= 4
read(4, "\0\0\00201\0\0\0 G03\0\0".., 416)	= 416
close(4)					= 0
open("/proc/841/psinfo", O_RDONLY)		= 4
read(4, "\0\0\00201\0\0\0 I03\0\0".., 416)	= 416
close(4)					= 0
open("/proc/930/psinfo", O_RDONLY)		= 4
read(4, "\0\0\00202\0\0\0A203\0\0".., 416)	= 416
close(4)					= 0
open("/proc/983/psinfo", O_RDONLY)		= 4
read(4, "\0\0\00201\0\0\0D703\0\0".., 416)	= 416
close(4)					= 0
open("/proc/933/psinfo", O_RDONLY)		= 4
read(4, "\0\0\00201\0\0\0A503\0\0".., 416)	= 416
close(4)					= 0
getdents(3, 0xFFFFFD7FFF214000, 8192)		= 0
close(3)					= 0
write(1, "       P I D   T T Y    ".., 141)	= 141
_exit(0)
